# JRE version: Java(TM) SE Runtime Environment (7.0_79-b15) (build 1.7.0_79-b15)
# Java VM: Java HotSpot(TM) 64-Bit Server VM (24.79-b02 mixed mode bsd-amd64 compressed oops)
Heap
 PSYoungGen      total 151552K, used 18942K [0x00000007eaa80000, 0x00000007fe880000, 0x0000000800000000)
  eden space 132608K, 0% used [0x00000007eaa80000,0x00000007eaa80000,0x00000007f2c00000)
  from space 18944K, 99% used [0x00000007f2c00000,0x00000007f3e7f8a0,0x00000007f3e80000)
  to   space 30208K, 0% used [0x00000007fcb00000,0x00000007fcb00000,0x00000007fe880000)
 ParOldGen       total 43520K, used 41037K [0x00000007c0000000, 0x00000007c2a80000, 0x00000007eaa80000)
  object space 43520K, 94% used [0x00000007c0000000,0x00000007c2813580,0x00000007c2a80000)
 PSPermGen       total 21504K, used 6089K [0x00000007bae00000, 0x00000007bc300000, 0x00000007c0000000)
  object space 21504K, 28% used [0x00000007bae00000,0x00000007bb3f2500,0x00000007bc300000)
GC Heap History (10 events):
Event: 3.703 GC heap after
Heap after GC invocations=3 (full 0):
 PSYoungGen      total 36352K, used 2542K [0x00000007eaa80000, 0x00000007ef180000, 0x0000000800000000)
  eden space 33792K, 0% used [0x00000007eaa80000,0x00000007eaa80000,0x00000007ecb80000)
  from space 2560K, 99% used [0x00000007ecb80000,0x00000007ecdfb8d8,0x00000007ece00000)
  to   space 2560K, 0% used [0x00000007eef00000,0x00000007eef00000,0x00000007ef180000)
 ParOldGen       total 43520K, used 7763K [0x00000007c0000000, 0x00000007c2a80000, 0x00000007eaa80000)
  object space 43520K, 17% used [0x00000007c0000000,0x00000007c0794d98,0x00000007c2a80000)
 PSPermGen       total 21504K, used 5900K [0x00000007bae00000, 0x00000007bc300000, 0x00000007c0000000)
  object space 21504K, 27% used [0x00000007bae00000,0x00000007bb3c3158,0x00000007bc300000)
}
Event: 6.774 GC heap before
{Heap before GC invocations=4 (full 0):
 PSYoungGen      total 36352K, used 36334K [0x00000007eaa80000, 0x00000007ef180000, 0x0000000800000000)
  eden space 33792K, 100% used [0x00000007eaa80000,0x00000007ecb80000,0x00000007ecb80000)
  from space 2560K, 99% used [0x00000007ecb80000,0x00000007ecdfb8d8,0x00000007ece00000)
  to   space 2560K, 0% used [0x00000007eef00000,0x00000007eef00000,0x00000007ef180000)
 ParOldGen       total 43520K, used 7763K [0x00000007c0000000, 0x00000007c2a80000, 0x00000007eaa80000)
  object space 43520K, 17% used [0x00000007c0000000,0x00000007c0794d98,0x00000007c2a80000)
 PSPermGen       total 21504K, used 5938K [0x00000007bae00000, 0x00000007bc300000, 0x00000007c0000000)
  object space 21504K, 27% used [0x00000007bae00000,0x00000007bb3cc9b8,0x00000007bc300000)
Event: 6.834 GC heap after
Heap after GC invocations=4 (full 0):
 PSYoungGen      total 70144K, used 2528K [0x00000007eaa80000, 0x00000007ef180000, 0x0000000800000000)
  eden space 67584K, 0% used [0x00000007eaa80000,0x00000007eaa80000,0x00000007eec80000)
  from space 2560K, 98% used [0x00000007eef00000,0x00000007ef178220,0x00000007ef180000)
  to   space 2560K, 0% used [0x00000007eec80000,0x00000007eec80000,0x00000007eef00000)
 ParOldGen       total 43520K, used 14025K [0x00000007c0000000, 0x00000007c2a80000, 0x00000007eaa80000)
  object space 43520K, 32% used [0x00000007c0000000,0x00000007c0db2620,0x00000007c2a80000)
 PSPermGen       total 21504K, used 5938K [0x00000007bae00000, 0x00000007bc300000, 0x00000007c0000000)
  object space 21504K, 27% used [0x00000007bae00000,0x00000007bb3cc9b8,0x00000007bc300000)
}
Event: 11.845 GC heap before
{Heap before GC invocations=5 (full 0):
 PSYoungGen      total 70144K, used 70112K [0x00000007eaa80000, 0x00000007ef180000, 0x0000000800000000)
  eden space 67584K, 100% used [0x00000007eaa80000,0x00000007eec80000,0x00000007eec80000)
  from space 2560K, 98% used [0x00000007eef00000,0x00000007ef178220,0x00000007ef180000)
  to   space 2560K, 0% used [0x00000007eec80000,0x00000007eec80000,0x00000007eef00000)
 ParOldGen       total 43520K, used 14025K [0x00000007c0000000, 0x00000007c2a80000, 0x00000007eaa80000)
  object space 43520K, 32% used [0x00000007c0000000,0x00000007c0db2620,0x00000007c2a80000)
 PSPermGen       total 21504K, used 5972K [0x00000007bae00000, 0x00000007bc300000, 0x00000007c0000000)
  object space 21504K, 27% used [0x00000007bae00000,0x00000007bb3d5158,0x00000007bc300000)
Event: 12.018 GC heap after
Heap after GC invocations=5 (full 0):
 PSYoungGen      total 70144K, used 2528K [0x00000007eaa80000, 0x00000007f4e80000, 0x0000000800000000)
  eden space 67584K, 0% used [0x00000007eaa80000,0x00000007eaa80000,0x00000007eec80000)
  from space 2560K, 98% used [0x00000007eec80000,0x00000007eeef8220,0x00000007eef00000)
  to   space 16384K, 0% used [0x00000007f3e80000,0x00000007f3e80000,0x00000007f4e80000)
 ParOldGen       total 43520K, used 25757K [0x00000007c0000000, 0x00000007c2a80000, 0x00000007eaa80000)
  object space 43520K, 59% used [0x00000007c0000000,0x00000007c19274d8,0x00000007c2a80000)
 PSPermGen       total 21504K, used 5972K [0x00000007bae00000, 0x00000007bc300000, 0x00000007c0000000)
  object space 21504K, 27% used [0x00000007bae00000,0x00000007bb3d5158,0x00000007bc300000)
}
Event: 16.995 GC heap before
{Heap before GC invocations=6 (full 0):
 PSYoungGen      total 70144K, used 70112K [0x00000007eaa80000, 0x00000007f4e80000, 0x0000000800000000)
  eden space 67584K, 100% used [0x00000007eaa80000,0x00000007eec80000,0x00000007eec80000)
  from space 2560K, 98% used [0x00000007eec80000,0x00000007eeef8220,0x00000007eef00000)
  to   space 16384K, 0% used [0x00000007f3e80000,0x00000007f3e80000,0x00000007f4e80000)
 ParOldGen       total 43520K, used 25757K [0x00000007c0000000, 0x00000007c2a80000, 0x00000007eaa80000)
  object space 43520K, 59% used [0x00000007c0000000,0x00000007c19274d8,0x00000007c2a80000)
 PSPermGen       total 21504K, used 6013K [0x00000007bae00000, 0x00000007bc300000, 0x00000007c0000000)
  object space 21504K, 27% used [0x00000007bae00000,0x00000007bb3df470,0x00000007bc300000)
Event: 17.150 GC heap after
Heap after GC invocations=6 (full 0):
 PSYoungGen      total 148992K, used 13970K [0x00000007eaa80000, 0x00000007f5380000, 0x0000000800000000)
  eden space 132608K, 0% used [0x00000007eaa80000,0x00000007eaa80000,0x00000007f2c00000)
  from space 16384K, 85% used [0x00000007f3e80000,0x00000007f4c24bf0,0x00000007f4e80000)
  to   space 18944K, 0% used [0x00000007f2c00000,0x00000007f2c00000,0x00000007f3e80000)
 ParOldGen       total 43520K, used 25757K [0x00000007c0000000, 0x00000007c2a80000, 0x00000007eaa80000)
  object space 43520K, 59% used [0x00000007c0000000,0x00000007c19274d8,0x00000007c2a80000)
 PSPermGen       total 21504K, used 6013K [0x00000007bae00000, 0x00000007bc300000, 0x00000007c0000000)
  object space 21504K, 27% used [0x00000007bae00000,0x00000007bb3df470,0x00000007bc300000)
}
Event: 23.472 GC heap before
{Heap before GC invocations=7 (full 0):
 PSYoungGen      total 148992K, used 146578K [0x00000007eaa80000, 0x00000007f5380000, 0x0000000800000000)
  eden space 132608K, 100% used [0x00000007eaa80000,0x00000007f2c00000,0x00000007f2c00000)
  from space 16384K, 85% used [0x00000007f3e80000,0x00000007f4c24bf0,0x00000007f4e80000)
  to   space 18944K, 0% used [0x00000007f2c00000,0x00000007f2c00000,0x00000007f3e80000)
 ParOldGen       total 43520K, used 25757K [0x00000007c0000000, 0x00000007c2a80000, 0x00000007eaa80000)
  object space 43520K, 59% used [0x00000007c0000000,0x00000007c19274d8,0x00000007c2a80000)
 PSPermGen       total 21504K, used 6089K [0x00000007bae00000, 0x00000007bc300000, 0x00000007c0000000)
  object space 21504K, 28% used [0x00000007bae00000,0x00000007bb3f2500,0x00000007bc300000)
Event: 23.884 GC heap after
Heap after GC invocations=7 (full 0):
 PSYoungGen      total 151552K, used 18942K [0x00000007eaa80000, 0x00000007fe880000, 0x0000000800000000)
  eden space 132608K, 0% used [0x00000007eaa80000,0x00000007eaa80000,0x00000007f2c00000)
  from space 18944K, 99% used [0x00000007f2c00000,0x00000007f3e7f8a0,0x00000007f3e80000)
  to   space 30208K, 0% used [0x00000007fcb00000,0x00000007fcb00000,0x00000007fe880000)
 ParOldGen       total 43520K, used 41037K [0x00000007c0000000, 0x00000007c2a80000, 0x00000007eaa80000)
  object space 43520K, 94% used [0x00000007c0000000,0x00000007c2813580,0x00000007c2a80000)
 PSPermGen       total 21504K, used 6089K [0x00000007bae00000, 0x00000007bc300000, 0x00000007c0000000)
  object space 21504K, 28% used [0x00000007bae00000,0x00000007bb3f2500,0x00000007bc300000)
}
Event: 23.884 GC heap before
{Heap before GC invocations=8 (full 1):
 PSYoungGen      total 151552K, used 18942K [0x00000007eaa80000, 0x00000007fe880000, 0x0000000800000000)
  eden space 132608K, 0% used [0x00000007eaa80000,0x00000007eaa80000,0x00000007f2c00000)
  from space 18944K, 99% used [0x00000007f2c00000,0x00000007f3e7f8a0,0x00000007f3e80000)
  to   space 30208K, 0% used [0x00000007fcb00000,0x00000007fcb00000,0x00000007fe880000)
 ParOldGen       total 43520K, used 41037K [0x00000007c0000000, 0x00000007c2a80000, 0x00000007eaa80000)
  object space 43520K, 94% used [0x00000007c0000000,0x00000007c2813580,0x00000007c2a80000)
 PSPermGen       total 21504K, used 6089K [0x00000007bae00000, 0x00000007bc300000, 0x00000007c0000000)
  object space 21504K, 28% used [0x00000007bae00000,0x00000007bb3f2500,0x00000007bc300000)

